[2018-09-06 00:03:41,265] INFO [controller-event-thread]: Starting (kafka.controller.ControllerEventManager$ControllerEventThread)
[2018-09-06 00:03:41,318] INFO [Controller 0]: 0 successfully elected as the controller (kafka.controller.KafkaController)
[2018-09-06 00:03:41,319] INFO [Controller 0]: Broker 0 starting become controller state transition (kafka.controller.KafkaController)
[2018-09-06 00:03:41,330] INFO [Controller 0]: Initialized controller epoch to 2 and zk version 1 (kafka.controller.KafkaController)
[2018-09-06 00:03:41,348] INFO [Controller 0]: Controller 0 incremented epoch to 3 (kafka.controller.KafkaController)
[2018-09-06 00:03:41,350] DEBUG [Controller 0]: Registering IsrChangeNotificationListener (kafka.controller.KafkaController)
[2018-09-06 00:03:41,440] INFO [Controller 0]: Partitions being reassigned: Map() (kafka.controller.KafkaController)
[2018-09-06 00:03:41,441] INFO [Controller 0]: Partitions already reassigned: Set() (kafka.controller.KafkaController)
[2018-09-06 00:03:41,443] INFO [Controller 0]: Resuming reassignment of partitions: Map() (kafka.controller.KafkaController)
[2018-09-06 00:03:41,446] INFO [Controller 0]: Currently active brokers in the cluster: Set() (kafka.controller.KafkaController)
[2018-09-06 00:03:41,447] INFO [Controller 0]: Currently shutting brokers in the cluster: Set() (kafka.controller.KafkaController)
[2018-09-06 00:03:41,448] INFO [Controller 0]: Current list of topics in the cluster: Set() (kafka.controller.KafkaController)
[2018-09-06 00:03:41,462] INFO [Controller 0]: List of topics to be deleted:  (kafka.controller.KafkaController)
[2018-09-06 00:03:41,467] INFO [Controller 0]: List of topics ineligible for deletion:  (kafka.controller.KafkaController)
[2018-09-06 00:03:41,490] INFO [Replica state machine on controller 0]: Started replica state machine with initial state -> Map() (kafka.controller.ReplicaStateMachine)
[2018-09-06 00:03:41,494] INFO [Partition state machine on Controller 0]: Started partition state machine with initial state -> Map() (kafka.controller.PartitionStateMachine)
[2018-09-06 00:03:41,496] INFO [Controller 0]: Broker 0 is ready to serve as the new controller with epoch 3 (kafka.controller.KafkaController)
[2018-09-06 00:03:41,500] INFO [Controller 0]: Partitions undergoing preferred replica election:  (kafka.controller.KafkaController)
[2018-09-06 00:03:41,501] INFO [Controller 0]: Partitions that completed preferred replica election:  (kafka.controller.KafkaController)
[2018-09-06 00:03:41,502] INFO [Controller 0]: Skipping preferred replica election for partitions due to topic deletion:  (kafka.controller.KafkaController)
[2018-09-06 00:03:41,502] INFO [Controller 0]: Resuming preferred replica election for partitions:  (kafka.controller.KafkaController)
[2018-09-06 00:03:41,503] INFO [Controller 0]: Starting preferred replica leader election for partitions  (kafka.controller.KafkaController)
[2018-09-06 00:03:41,507] INFO [Partition state machine on Controller 0]: Invoking state change to OnlinePartition for partitions  (kafka.controller.PartitionStateMachine)
[2018-09-06 00:03:41,534] INFO [Controller 0]: starting the controller scheduler (kafka.controller.KafkaController)
[2018-09-06 00:03:41,664] INFO [Controller 0]: Newly added brokers: 0, deleted brokers: , all live brokers: 0 (kafka.controller.KafkaController)
[2018-09-06 00:03:41,665] DEBUG [Channel manager on controller 0]: Controller 0 trying to connect to broker 0 (kafka.controller.ControllerChannelManager)
[2018-09-06 00:03:41,674] INFO [Controller-0-to-broker-0-send-thread]: Starting (kafka.controller.RequestSendThread)
[2018-09-06 00:03:41,675] INFO [Controller 0]: New broker startup callback for 0 (kafka.controller.KafkaController)
[2018-09-06 00:03:41,686] INFO [Controller-0-to-broker-0-send-thread]: Controller 0 connected to knoldus-Vostro-3546:9092 (id: 0 rack: null) for sending state change requests (kafka.controller.RequestSendThread)
[2018-09-06 00:03:46,536] TRACE [Controller 0]: Checking need to trigger auto leader balancing (kafka.controller.KafkaController)
[2018-09-06 00:03:46,541] DEBUG [Controller 0]: Preferred replicas by broker Map() (kafka.controller.KafkaController)
[2018-09-06 00:08:46,551] TRACE [Controller 0]: Checking need to trigger auto leader balancing (kafka.controller.KafkaController)
[2018-09-06 00:08:46,551] DEBUG [Controller 0]: Preferred replicas by broker Map() (kafka.controller.KafkaController)
[2018-09-06 00:13:46,552] TRACE [Controller 0]: Checking need to trigger auto leader balancing (kafka.controller.KafkaController)
[2018-09-06 00:13:46,552] DEBUG [Controller 0]: Preferred replicas by broker Map() (kafka.controller.KafkaController)
[2018-09-06 00:18:46,552] TRACE [Controller 0]: Checking need to trigger auto leader balancing (kafka.controller.KafkaController)
[2018-09-06 00:18:46,553] DEBUG [Controller 0]: Preferred replicas by broker Map() (kafka.controller.KafkaController)
[2018-09-06 00:23:46,553] TRACE [Controller 0]: Checking need to trigger auto leader balancing (kafka.controller.KafkaController)
[2018-09-06 00:23:46,554] DEBUG [Controller 0]: Preferred replicas by broker Map() (kafka.controller.KafkaController)
[2018-09-06 00:28:46,554] TRACE [Controller 0]: Checking need to trigger auto leader balancing (kafka.controller.KafkaController)
[2018-09-06 00:28:46,554] DEBUG [Controller 0]: Preferred replicas by broker Map() (kafka.controller.KafkaController)
[2018-09-06 00:29:41,092] INFO [Controller 0]: Shutting down broker 0 (kafka.controller.KafkaController)
[2018-09-06 00:29:41,092] DEBUG [Controller 0]: All shutting down brokers: 0 (kafka.controller.KafkaController)
[2018-09-06 00:29:41,093] DEBUG [Controller 0]: Live brokers:  (kafka.controller.KafkaController)
[2018-09-06 00:29:41,101] TRACE [Controller 0]: All leaders =  (kafka.controller.KafkaController)
[2018-09-06 00:29:43,546] INFO [controller-event-thread]: Shutting down (kafka.controller.ControllerEventManager$ControllerEventThread)
[2018-09-06 00:29:43,546] INFO [controller-event-thread]: Stopped (kafka.controller.ControllerEventManager$ControllerEventThread)
[2018-09-06 00:29:43,546] INFO [controller-event-thread]: Shutdown completed (kafka.controller.ControllerEventManager$ControllerEventThread)
[2018-09-06 00:29:43,547] DEBUG [Controller 0]: Controller resigning, broker id 0 (kafka.controller.KafkaController)
[2018-09-06 00:29:43,548] DEBUG [Controller 0]: De-registering IsrChangeNotificationListener (kafka.controller.KafkaController)
[2018-09-06 00:29:43,549] INFO [Partition state machine on Controller 0]: Stopped partition state machine (kafka.controller.PartitionStateMachine)
[2018-09-06 00:29:43,550] INFO [Replica state machine on controller 0]: Stopped replica state machine (kafka.controller.ReplicaStateMachine)
[2018-09-06 00:29:43,551] INFO [Controller-0-to-broker-0-send-thread]: Shutting down (kafka.controller.RequestSendThread)
[2018-09-06 00:29:43,551] INFO [Controller-0-to-broker-0-send-thread]: Stopped (kafka.controller.RequestSendThread)
[2018-09-06 00:29:43,551] INFO [Controller-0-to-broker-0-send-thread]: Shutdown completed (kafka.controller.RequestSendThread)
[2018-09-06 00:29:43,553] INFO [Controller 0]: Broker 0 resigned as the controller (kafka.controller.KafkaController)
